{
  "stats": {
    "suites": 1,
    "tests": 1,
    "passes": 1,
    "pending": 0,
    "failures": 0,
    "start": "2020-06-24T09:57:11.782Z",
    "end": "2020-06-24T09:57:37.835Z",
    "duration": 26053,
    "testsRegistered": 1,
    "passPercent": 100,
    "pendingPercent": 0,
    "other": 0,
    "hasOther": false,
    "skipped": 0,
    "hasSkipped": false
  },
  "results": [
    {
      "uuid": "74b79759-ac15-4d71-bc61-c770892cc16a",
      "title": "",
      "fullFile": "cypress\\integration\\examples\\Filltimesheet.spec.js",
      "file": "cypress\\integration\\examples\\Filltimesheet.spec.js",
      "beforeHooks": [],
      "afterHooks": [],
      "tests": [],
      "suites": [
        {
          "uuid": "e341e96c-10d6-4f19-80fb-6510ca07df09",
          "title": "filltimesheet",
          "fullFile": "",
          "file": "",
          "beforeHooks": [],
          "afterHooks": [],
          "tests": [
            {
              "title": "login and fill today timesheet",
              "fullTitle": "filltimesheet login and fill today timesheet",
              "timedOut": null,
              "duration": 24163,
              "state": "passed",
              "speed": "slow",
              "pass": true,
              "fail": false,
              "pending": false,
              "context": null,
              "code": "cy.login(this.data.username, this.data.password);\ncy.get('[title=\"Designation\"]').contains('TEST ANALYST');\ncy.get('[href=\"#/home/dashboard\"]').should('be.visible').click();\ncy.get('[class=\"btn btn-primary  right-buffer-10\"]').should('be.visible').click();\ncy.get('[class=\"ng-tns-c6-17 ui-dropdown-label ui-inputtext ui-corner-all ui-placeholder ng-star-inserted\"]').click();\ncy.get('#bar-home > app-weekly > div > div.container-fluid > div > div > div.table-responsive.empdircontainer > div > div > table > tbody > tr:nth-child(3) > td.table-particulars.padding-top-0 > div > div.col-sm-12 > p-dropdown > div > div.ng-tns-c6-17.ui-dropdown-panel.ui-widget-content.ui-corner-all.ui-shadow.ng-trigger.ng-trigger-panelState > div.ui-dropdown-items-wrapper > ul > li:nth-child(1) > span').click();\ncy.get('#bar-home > app-weekly > div > div.container-fluid > div > div > div.table-responsive.empdircontainer > div > div > table > tbody > tr:nth-child(3) > td.table-cell.today > input').type('9:00');\ncy.get('[title=\"Save Weekly Timesheet\"]').click();",
              "err": {},
              "uuid": "cc1d1912-05a5-4777-b6a5-33ecd27e0d64",
              "parentUUID": "e341e96c-10d6-4f19-80fb-6510ca07df09",
              "isHook": false,
              "skipped": false
            }
          ],
          "suites": [],
          "passes": [
            "cc1d1912-05a5-4777-b6a5-33ecd27e0d64"
          ],
          "failures": [],
          "pending": [],
          "skipped": [],
          "duration": 24163,
          "root": false,
          "rootEmpty": false,
          "_timeout": 2000
        }
      ],
      "passes": [],
      "failures": [],
      "pending": [],
      "skipped": [],
      "duration": 0,
      "root": true,
      "rootEmpty": true,
      "_timeout": 2000
    }
  ],
  "meta": {
    "mocha": {
      "version": "7.0.1"
    },
    "mochawesome": {
      "options": {
        "quiet": false,
        "reportFilename": "mochawesome",
        "saveHtml": true,
        "saveJson": true,
        "consoleReporter": "spec",
        "useInlineDiffs": false,
        "code": true
      },
      "version": "6.1.1"
    },
    "marge": {
      "options": {
        "id": "default",
        "reportDir": "cypress/reports/mocha",
        "charts": true,
        "quite": true,
        "overwrite": false,
        "html": true,
        "json": true
      },
      "version": "5.1.0"
    }
  }
}