{
  "stats": {
    "suites": 1,
    "tests": 1,
    "passes": 1,
    "pending": 0,
    "failures": 0,
    "start": "2020-06-24T09:57:43.819Z",
    "end": "2020-06-24T09:57:57.820Z",
    "duration": 14001,
    "testsRegistered": 1,
    "passPercent": 100,
    "pendingPercent": 0,
    "other": 0,
    "hasOther": false,
    "skipped": 0,
    "hasSkipped": false
  },
  "results": [
    {
      "uuid": "90580afd-04d7-4795-be58-2674ceceffb1",
      "title": "",
      "fullFile": "cypress\\integration\\examples\\login.spec.js",
      "file": "cypress\\integration\\examples\\login.spec.js",
      "beforeHooks": [],
      "afterHooks": [],
      "tests": [],
      "suites": [
        {
          "uuid": "683f578e-65c2-4896-804d-6e35d9e654c3",
          "title": "login and Verify title",
          "fullFile": "",
          "file": "",
          "beforeHooks": [],
          "afterHooks": [],
          "tests": [
            {
              "title": "just login",
              "fullTitle": "login and Verify title just login",
              "timedOut": null,
              "duration": 12076,
              "state": "passed",
              "speed": "slow",
              "pass": true,
              "fail": false,
              "pending": false,
              "context": null,
              "code": "cy.login(this.data.username, this.data.password);",
              "err": {},
              "uuid": "888ec6d4-63a4-4b42-a88d-e5d09d0da2cd",
              "parentUUID": "683f578e-65c2-4896-804d-6e35d9e654c3",
              "isHook": false,
              "skipped": false
            }
          ],
          "suites": [],
          "passes": [
            "888ec6d4-63a4-4b42-a88d-e5d09d0da2cd"
          ],
          "failures": [],
          "pending": [],
          "skipped": [],
          "duration": 12076,
          "root": false,
          "rootEmpty": false,
          "_timeout": 2000
        }
      ],
      "passes": [],
      "failures": [],
      "pending": [],
      "skipped": [],
      "duration": 0,
      "root": true,
      "rootEmpty": true,
      "_timeout": 2000
    }
  ],
  "meta": {
    "mocha": {
      "version": "7.0.1"
    },
    "mochawesome": {
      "options": {
        "quiet": false,
        "reportFilename": "mochawesome",
        "saveHtml": true,
        "saveJson": true,
        "consoleReporter": "spec",
        "useInlineDiffs": false,
        "code": true
      },
      "version": "6.1.1"
    },
    "marge": {
      "options": {
        "id": "default",
        "reportDir": "cypress/reports/mocha",
        "charts": true,
        "quite": true,
        "overwrite": false,
        "html": true,
        "json": true
      },
      "version": "5.1.0"
    }
  }
}