{
  "stats": {
    "suites": 1,
    "tests": 2,
    "passes": 1,
    "pending": 0,
    "failures": 1,
    "start": "2020-06-22T08:14:48.027Z",
    "end": "2020-06-22T08:15:14.399Z",
    "duration": 26372,
    "testsRegistered": 2,
    "passPercent": 50,
    "pendingPercent": 0,
    "other": 0,
    "hasOther": false,
    "skipped": 0,
    "hasSkipped": false
  },
  "results": [
    {
      "uuid": "310d567c-ac50-45af-b4a6-9d9e85f7450f",
      "title": "",
      "fullFile": "cypress\\integration\\examples\\login.spec.js",
      "file": "cypress\\integration\\examples\\login.spec.js",
      "beforeHooks": [],
      "afterHooks": [],
      "tests": [],
      "suites": [
        {
          "uuid": "0fa56f13-9835-45e4-bf9d-b011748091d0",
          "title": "login and Verify title",
          "fullFile": "",
          "file": "",
          "beforeHooks": [],
          "afterHooks": [],
          "tests": [
            {
              "title": "login and verify title",
              "fullTitle": "login and Verify title login and verify title",
              "timedOut": null,
              "duration": 24014,
              "state": "passed",
              "speed": "slow",
              "pass": true,
              "fail": false,
              "pending": false,
              "context": null,
              "code": "cy.login(this.data.username, this.data.password);\ncy.get('[title=\"Designation\"]').contains('TEST ANALYST');\ncy.get('[href=\"#/home/dashboard\"]').should('be.visible').click();\ncy.get('[class=\"btn btn-primary  right-buffer-10\"]').should('be.visible').click();\ncy.get('[class=\"ng-tns-c6-17 ui-dropdown-label ui-inputtext ui-corner-all ui-placeholder ng-star-inserted\"]').click();\ncy.get('#bar-home > app-weekly > div > div.container-fluid > div > div > div.table-responsive.empdircontainer > div > div > table > tbody > tr:nth-child(3) > td.table-particulars.padding-top-0 > div > div.col-sm-12 > p-dropdown > div > div.ng-tns-c6-17.ui-dropdown-panel.ui-widget-content.ui-corner-all.ui-shadow.ng-trigger.ng-trigger-panelState > div.ui-dropdown-items-wrapper > ul > li:nth-child(1) > span').click();\ncy.get('#bar-home > app-weekly > div > div.container-fluid > div > div > div.table-responsive.empdircontainer > div > div > table > tbody > tr:nth-child(3) > td.table-cell.today > input').type('9:00');\ncy.get('[title=\"Save Weekly Timesheet\"]').click();",
              "err": {},
              "uuid": "a665936c-410b-4a5c-aade-04f8966e8dc3",
              "parentUUID": "0fa56f13-9835-45e4-bf9d-b011748091d0",
              "isHook": false,
              "skipped": false
            },
            {
              "title": "just login",
              "fullTitle": "login and Verify title just login",
              "timedOut": null,
              "duration": 546,
              "state": "failed",
              "speed": null,
              "pass": false,
              "fail": true,
              "pending": false,
              "context": null,
              "code": "cy.login(this.data.username, this.data.password);",
              "err": {
                "message": "TypeError: Cannot read property 'username' of undefined",
                "estack": "TypeError: Cannot read property 'username' of undefined\n    at Context.eval (https://productivv.ivlglobal.com/__cypress/tests?p=cypress\\integration\\examples\\login.spec.js:21:24)",
                "diff": null
              },
              "uuid": "ef7cf1ee-3cf7-4778-8fe2-23404c45ae73",
              "parentUUID": "0fa56f13-9835-45e4-bf9d-b011748091d0",
              "isHook": false,
              "skipped": false
            }
          ],
          "suites": [],
          "passes": [
            "a665936c-410b-4a5c-aade-04f8966e8dc3"
          ],
          "failures": [
            "ef7cf1ee-3cf7-4778-8fe2-23404c45ae73"
          ],
          "pending": [],
          "skipped": [],
          "duration": 24560,
          "root": false,
          "rootEmpty": false,
          "_timeout": 2000
        }
      ],
      "passes": [],
      "failures": [],
      "pending": [],
      "skipped": [],
      "duration": 0,
      "root": true,
      "rootEmpty": true,
      "_timeout": 2000
    }
  ],
  "meta": {
    "mocha": {
      "version": "7.0.1"
    },
    "mochawesome": {
      "options": {
        "quiet": false,
        "reportFilename": "mochawesome",
        "saveHtml": true,
        "saveJson": true,
        "consoleReporter": "spec",
        "useInlineDiffs": false,
        "code": true
      },
      "version": "6.1.1"
    },
    "marge": {
      "options": {
        "id": "default",
        "reportDir": "cypress/reports/mocha",
        "quite": true,
        "overwrite": true,
        "html": true,
        "json": true
      },
      "version": "5.1.0"
    }
  }
}