{
  "stats": {
    "suites": 1,
    "tests": 2,
    "passes": 0,
    "pending": 0,
    "failures": 2,
    "start": "2020-06-24T08:57:10.174Z",
    "end": "2020-06-24T08:58:23.708Z",
    "duration": 73534,
    "testsRegistered": 2,
    "passPercent": 0,
    "pendingPercent": 0,
    "other": 0,
    "hasOther": false,
    "skipped": 0,
    "hasSkipped": false
  },
  "results": [
    {
      "uuid": "1e0ad5c7-758d-4e73-8cda-c869175ba9d3",
      "title": "",
      "fullFile": "cypress\\integration\\examples\\login.spec.js",
      "file": "cypress\\integration\\examples\\login.spec.js",
      "beforeHooks": [],
      "afterHooks": [],
      "tests": [],
      "suites": [
        {
          "uuid": "5ae478e2-4920-4e2b-a8e1-a799177cdaf5",
          "title": "login and Verify title",
          "fullFile": "",
          "file": "",
          "beforeHooks": [],
          "afterHooks": [],
          "tests": [
            {
              "title": "login and verify title",
              "fullTitle": "login and Verify title login and verify title",
              "timedOut": null,
              "duration": 63964,
              "state": "failed",
              "speed": null,
              "pass": false,
              "fail": true,
              "pending": false,
              "context": null,
              "code": "cy.login(this.data.username, this.data.password);\ncy.get('[title=\"Designation\"]').contains('TEST ANALYST');\ncy.get('[href=\"#/home/dashboard\"]').should('be.visible').click();\ncy.get('[class=\"btn btn-primary  right-buffer-10\"]').should('be.visible').click();\ncy.get('[class=\"ng-tns-c6-17 ui-dropdown-label ui-inputtext ui-corner-all ui-placeholder ng-star-inserted\"]').click();\ncy.get('#bar-home > app-weekly > div > div.container-fluid > div > div > div.table-responsive.empdircontainer > div > div > table > tbody > tr:nth-child(3) > td.table-particulars.padding-top-0 > div > div.col-sm-12 > p-dropdown > div > div.ng-tns-c6-17.ui-dropdown-panel.ui-widget-content.ui-corner-all.ui-shadow.ng-trigger.ng-trigger-panelState > div.ui-dropdown-items-wrapper > ul > li:nth-child(1) > span').click();\ncy.get('#bar-home > app-weekly > div > div.container-fluid > div > div > div.table-responsive.empdircontainer > div > div > table > tbody > tr:nth-child(3) > td.table-cell.today > input').type('9:00');\ncy.get('[title=\"Save Weekly Timesheet\"]').click();",
              "err": {
                "message": "CypressError: Timed out after waiting `60000ms` for your remote page to load.\n\nYour page did not fire its `load` event within `60000ms`.\n\nYou can try increasing the `pageLoadTimeout` value in `cypress.json` to wait longer.\n\nBrowsers will not fire the `load` event until all stylesheets and scripts are done downloading.\n\nWhen this `load` event occurs, Cypress will continue running commands.",
                "estack": "CypressError: Timed out after waiting `60000ms` for your remote page to load.\n\nYour page did not fire its `load` event within `60000ms`.\n\nYou can try increasing the `pageLoadTimeout` value in `cypress.json` to wait longer.\n\nBrowsers will not fire the `load` event until all stylesheets and scripts are done downloading.\n\nWhen this `load` event occurs, Cypress will continue running commands.\n    at timedOutWaitingForPageLoad (https://productivv.ivlglobal.com/__cypress/runner/cypress_runner.js:151211:13)\n    at https://productivv.ivlglobal.com/__cypress/runner/cypress_runner.js:152163:16\n    at tryCatcher (https://productivv.ivlglobal.com/__cypress/runner/cypress_runner.js:10161:23)\n    at https://productivv.ivlglobal.com/__cypress/runner/cypress_runner.js:5283:41\n    at tryCatcher (https://productivv.ivlglobal.com/__cypress/runner/cypress_runner.js:10161:23)\n    at Promise._settlePromiseFromHandler (https://productivv.ivlglobal.com/__cypress/runner/cypress_runner.js:8096:31)\n    at Promise._settlePromise (https://productivv.ivlglobal.com/__cypress/runner/cypress_runner.js:8153:18)\n    at Promise._settlePromise0 (https://productivv.ivlglobal.com/__cypress/runner/cypress_runner.js:8198:10)\n    at Promise._settlePromises (https://productivv.ivlglobal.com/__cypress/runner/cypress_runner.js:8274:18)\n    at _drainQueueStep (https://productivv.ivlglobal.com/__cypress/runner/cypress_runner.js:4868:12)\n    at _drainQueue (https://productivv.ivlglobal.com/__cypress/runner/cypress_runner.js:4861:9)\n    at Async.../../node_modules/bluebird/js/release/async.js.Async._drainQueues (https://productivv.ivlglobal.com/__cypress/runner/cypress_runner.js:4877:5)\n    at Async.drainQueues (https://productivv.ivlglobal.com/__cypress/runner/cypress_runner.js:4747:14)\nFrom Your Spec Code:\n    at Context.eval (https://productivv.ivlglobal.com/__cypress/tests?p=cypress\\support\\index.js:30:6)",
                "diff": null
              },
              "uuid": "21c3670b-2a79-4849-b375-b98b992c586b",
              "parentUUID": "5ae478e2-4920-4e2b-a8e1-a799177cdaf5",
              "isHook": false,
              "skipped": false
            },
            {
              "title": "just login",
              "fullTitle": "login and Verify title just login",
              "timedOut": null,
              "duration": 5562,
              "state": "failed",
              "speed": null,
              "pass": false,
              "fail": true,
              "pending": false,
              "context": null,
              "code": "cy.login(this.data.username, this.data.password);",
              "err": {
                "message": "TypeError: Cannot read property 'username' of undefined",
                "estack": "TypeError: Cannot read property 'username' of undefined\n    at Context.eval (https://productivv.ivlglobal.com/__cypress/tests?p=cypress\\integration\\examples\\login.spec.js:21:24)",
                "diff": null
              },
              "uuid": "d86b7edf-a457-463a-89b0-5c6d235a67de",
              "parentUUID": "5ae478e2-4920-4e2b-a8e1-a799177cdaf5",
              "isHook": false,
              "skipped": false
            }
          ],
          "suites": [],
          "passes": [],
          "failures": [
            "21c3670b-2a79-4849-b375-b98b992c586b",
            "d86b7edf-a457-463a-89b0-5c6d235a67de"
          ],
          "pending": [],
          "skipped": [],
          "duration": 69526,
          "root": false,
          "rootEmpty": false,
          "_timeout": 2000
        }
      ],
      "passes": [],
      "failures": [],
      "pending": [],
      "skipped": [],
      "duration": 0,
      "root": true,
      "rootEmpty": true,
      "_timeout": 2000
    }
  ],
  "meta": {
    "mocha": {
      "version": "7.0.1"
    },
    "mochawesome": {
      "options": {
        "quiet": false,
        "reportFilename": "mochawesome",
        "saveHtml": false,
        "saveJson": true,
        "consoleReporter": "spec",
        "useInlineDiffs": false,
        "code": true
      },
      "version": "6.1.1"
    },
    "marge": {
      "options": {
        "id": "default",
        "reportDir": "cypress/reports/mocha",
        "charts": true,
        "quite": true,
        "overwrite": false,
        "html": false,
        "json": true
      },
      "version": "5.1.0"
    }
  }
}