{
  "stats": {
    "suites": 1,
    "tests": 2,
    "passes": 1,
    "pending": 0,
    "failures": 1,
    "start": "2020-06-24T09:54:28.771Z",
    "end": "2020-06-24T09:54:46.122Z",
    "duration": 17351,
    "testsRegistered": 2,
    "passPercent": 50,
    "pendingPercent": 0,
    "other": 0,
    "hasOther": false,
    "skipped": 0,
    "hasSkipped": false
  },
  "results": [
    {
      "uuid": "d87cad0f-57ea-4b13-a955-07d7a7007eaa",
      "title": "",
      "fullFile": "cypress\\integration\\examples\\login.spec.js",
      "file": "cypress\\integration\\examples\\login.spec.js",
      "beforeHooks": [],
      "afterHooks": [],
      "tests": [],
      "suites": [
        {
          "uuid": "5c6a5503-a11a-4f41-884b-d2c2c5b2ffb0",
          "title": "login and Verify title",
          "fullFile": "",
          "file": "",
          "beforeHooks": [],
          "afterHooks": [],
          "tests": [
            {
              "title": "login and verify title",
              "fullTitle": "login and Verify title login and verify title",
              "timedOut": null,
              "duration": 15197,
              "state": "passed",
              "speed": "slow",
              "pass": true,
              "fail": false,
              "pending": false,
              "context": null,
              "code": "cy.login(this.data.username, this.data.password);\ncy.get('[title=\"Designation\"]').contains('TEST ANALYST');\ncy.get('[href=\"#/home/dashboard\"]').should('be.visible').click();\ncy.get('[class=\"btn btn-primary  right-buffer-10\"]').should('be.visible').click();\ncy.get('[class=\"ng-tns-c6-17 ui-dropdown-label ui-inputtext ui-corner-all ui-placeholder ng-star-inserted\"]').click();\ncy.get('#bar-home > app-weekly > div > div.container-fluid > div > div > div.table-responsive.empdircontainer > div > div > table > tbody > tr:nth-child(3) > td.table-particulars.padding-top-0 > div > div.col-sm-12 > p-dropdown > div > div.ng-tns-c6-17.ui-dropdown-panel.ui-widget-content.ui-corner-all.ui-shadow.ng-trigger.ng-trigger-panelState > div.ui-dropdown-items-wrapper > ul > li:nth-child(1) > span').click();\ncy.get('#bar-home > app-weekly > div > div.container-fluid > div > div > div.table-responsive.empdircontainer > div > div > table > tbody > tr:nth-child(3) > td.table-cell.today > input').type('9:00');\ncy.get('[title=\"Save Weekly Timesheet\"]').click();",
              "err": {},
              "uuid": "63324030-2a62-4003-bd34-bc7d30e9f5c7",
              "parentUUID": "5c6a5503-a11a-4f41-884b-d2c2c5b2ffb0",
              "isHook": false,
              "skipped": false
            },
            {
              "title": "just login",
              "fullTitle": "login and Verify title just login",
              "timedOut": null,
              "duration": 421,
              "state": "failed",
              "speed": null,
              "pass": false,
              "fail": true,
              "pending": false,
              "context": null,
              "code": "cy.login(this.data.username, this.data.password);",
              "err": {
                "message": "TypeError: Cannot read property 'username' of undefined",
                "estack": "TypeError: Cannot read property 'username' of undefined\n    at Context.eval (https://productivv.ivlglobal.com/__cypress/tests?p=cypress\\integration\\examples\\login.spec.js:21:24)",
                "diff": null
              },
              "uuid": "c7b9c541-7ec4-4668-a6ee-c2bf2f5bce6c",
              "parentUUID": "5c6a5503-a11a-4f41-884b-d2c2c5b2ffb0",
              "isHook": false,
              "skipped": false
            }
          ],
          "suites": [],
          "passes": [
            "63324030-2a62-4003-bd34-bc7d30e9f5c7"
          ],
          "failures": [
            "c7b9c541-7ec4-4668-a6ee-c2bf2f5bce6c"
          ],
          "pending": [],
          "skipped": [],
          "duration": 15618,
          "root": false,
          "rootEmpty": false,
          "_timeout": 2000
        }
      ],
      "passes": [],
      "failures": [],
      "pending": [],
      "skipped": [],
      "duration": 0,
      "root": true,
      "rootEmpty": true,
      "_timeout": 2000
    }
  ],
  "meta": {
    "mocha": {
      "version": "7.0.1"
    },
    "mochawesome": {
      "options": {
        "quiet": false,
        "reportFilename": "mochawesome",
        "saveHtml": true,
        "saveJson": true,
        "consoleReporter": "spec",
        "useInlineDiffs": false,
        "code": true
      },
      "version": "6.1.1"
    },
    "marge": {
      "options": {
        "id": "default",
        "reportDir": "cypress/reports/mocha",
        "charts": true,
        "quite": true,
        "overwrite": false,
        "html": true,
        "json": true
      },
      "version": "5.1.0"
    }
  }
}